<?xml version="1.0" encoding="UTF-8"?>
<!-- Generated by org.testng.reporters.JUnitReportReporter -->
<testsuite skipped="0" hostname="Juner" name="ca.mcgill.ecse321.tutor.integration.RESTfulServicesTests" tests="1" failures="0" timestamp="2019-10-31T06:24:39 EDT" time="1.692" errors="0">
  <testcase name="testCreateManager" time="1.692" classname="ca.mcgill.ecse321.tutor.integration.RESTfulServicesTests"/>
</testsuite> <!-- ca.mcgill.ecse321.tutor.integration.RESTfulServicesTests -->
